<?xml version="1.0" encoding="UTF-8"?>
<testsuite xmlns:xsi="http://www.w3.org/2001/XMLSchema-instance" xsi:noNamespaceSchemaLocation="https://maven.apache.org/surefire/maven-surefire-plugin/xsd/surefire-test-report-3.0.xsd" version="3.0" name="TestSuite" time="184.21" tests="3" errors="0" skipped="0" failures="0">
  <properties>
[...]
</properties>
  <testcase name="testLoginFunctionality" classname="com.hotstar.automation.test.HotstarLoginTest" time="61.409">
    <system-out><![CDATA[🚀 Starting Chrome Driver...
✅ Chrome Driver started successfully
🔐 Testing Login Functionality...
❌ Screenshot failed: screenshots\homepage_before_login.png
📸 Screenshot saved: after_login_attempt.png
⚠️ Could not find login button, but homepage loaded successfully
📸 Screenshot saved: homepage_loaded.png
✅ Login test completed!
]]></system-out>
    <system-err><![CDATA[SLF4J: No SLF4J providers were found.
SLF4J: Defaulting to no-operation (NOP) logger implementation
SLF4J: See https://www.slf4j.org/codes.html#noProviders for further details.
Nov 05, 2025 11:24:14 PM org.openqa.selenium.devtools.CdpVersionFinder findNearestMatch
WARNING: Unable to find CDP implementation matching 141
Nov 05, 2025 11:24:14 PM org.openqa.selenium.chromium.ChromiumDriver lambda$new$5
WARNING: Unable to find version of CDP to use for 141.0.7390.123. You may need to include a dependency on a specific version of the CDP using something similar to `org.seleniumhq.selenium:selenium-devtools-v86:4.15.0` where the version ("v86") matches the version of the chromium-based browser you're using and the version number of the artifact is the same as Selenium's.
]]></system-err>
  </testcase>
  <testcase name="testSearchFunctionality" classname="com.hotstar.automation.test.HotstarSearchTest" time="67.396">
    <system-out><![CDATA[🔚 Driver closed
🚀 Starting Chrome Driver...
✅ Chrome Driver started successfully
🔍 Testing Search Functionality...
🔍 Search icon clicked
⌨️ Entered search term: Avengers
✅ Search submitted
❌ Screenshot failed: screenshots\search_results.png
✅ Search test completed!
]]></system-out>
    <system-err><![CDATA[Nov 05, 2025 11:25:17 PM org.openqa.selenium.devtools.CdpVersionFinder findNearestMatch
WARNING: Unable to find CDP implementation matching 141
Nov 05, 2025 11:25:17 PM org.openqa.selenium.chromium.ChromiumDriver lambda$new$5
WARNING: Unable to find version of CDP to use for 141.0.7390.123. You may need to include a dependency on a specific version of the CDP using something similar to `org.seleniumhq.selenium:selenium-devtools-v86:4.15.0` where the version ("v86") matches the version of the chromium-based browser you're using and the version number of the artifact is the same as Selenium's.
]]></system-err>
  </testcase>
  <testcase name="testHotstarTitle" classname="com.hotstar.automation.test.HotstarTitleTest" time="47.649">
    <system-out><![CDATA[🔚 Driver closed
🚀 Starting Chrome Driver...
✅ Chrome Driver started successfully
🌐 Testing Hotstar Title...
📄 Page Title: JioHotstar - Watch TV Shows, Movies, Specials, Live Cricket & Football
✅ Title test passed!
]]></system-out>
    <system-err><![CDATA[Nov 05, 2025 11:26:27 PM org.openqa.selenium.devtools.CdpVersionFinder findNearestMatch
WARNING: Unable to find CDP implementation matching 141
Nov 05, 2025 11:26:27 PM org.openqa.selenium.chromium.ChromiumDriver lambda$new$5
WARNING: Unable to find version of CDP to use for 141.0.7390.123. You may need to include a dependency on a specific version of the CDP using something similar to `org.seleniumhq.selenium:selenium-devtools-v86:4.15.0` where the version ("v86") matches the version of the chromium-based browser you're using and the version number of the artifact is the same as Selenium's.
]]></system-err>
  </testcase>
</testsuite>