<?xml version="1.0" encoding="UTF-8"?>
<!-- Generated by org.testng.reporters.JUnitXMLReporter -->
<testsuite ignored="0" hostname="LAPTOP-BJDJOGCF" failures="0" tests="3" name="Surefire test" time="183.406" errors="0" timestamp="2025-11-05T23:27:15 IST">
  <testcase classname="com.hotstar.automation.test.HotstarLoginTest" name="testLoginFunctionality" time="61.41"/>
  <testcase classname="com.hotstar.automation.test.HotstarSearchTest" name="testSearchFunctionality" time="67.398"/>
  <testcase classname="com.hotstar.automation.test.HotstarTitleTest" name="testHotstarTitle" time="47.651"/>
</testsuite> <!-- Surefire test -->
